<?xml version="1.0" encoding="UTF-8"?>
<!-- Generated by org.testng.reporters.JUnitXMLReporter -->
<testsuite ignored="1" hostname="LincolnPC" failures="0" tests="1" name="Surefire test" time="39.377" errors="0" timestamp="2025-11-09T18:25:41 IST">
  <testcase classname="com.qa.playwright.PlaywrightOnChromeTest" name="Playwright_Chrome" time="39.324"/>
  <testcase classname="com.qa.playwright.PlaywrightOnChromeTest" name="Playwright_Chrome_Headless" time="0.0">
    <ignored/>
  </testcase> <!-- Playwright_Chrome_Headless -->
</testsuite> <!-- Surefire test -->
