<?xml version="1.0" encoding="UTF-8"?>
<!-- Generated by org.testng.reporters.JUnitXMLReporter -->
<testsuite ignored="1" hostname="LincolnPC" failures="0" tests="1" name="Surefire test" time="10.272" errors="0" timestamp="2026-06-27T20:22:37 IST">
  <testcase classname="com.qa.playwright.PlaywrightOnChromeTest" name="Playwright_Chrome" time="10.232"/>
  <testcase classname="com.qa.playwright.PlaywrightOnChromeTest" name="Playwright_Chrome_Headless" time="0.0">
    <ignored/>
  </testcase> <!-- Playwright_Chrome_Headless -->
</testsuite> <!-- Surefire test -->
