<?xml version="1.0" encoding="UTF-8"?>
<!-- Generated by org.testng.reporters.JUnitXMLReporter -->
<testsuite ignored="1" hostname="LincolnPC" failures="0" tests="1" name="Default test" time="14.214" errors="0" timestamp="2025-07-17T21:49:42 IST">
  <testcase classname="com.qa.playwright.PlaywrightOnChromeTest" name="Playwright_Chrome" time="14.139"/>
  <testcase classname="com.qa.playwright.PlaywrightOnChromeTest" name="Playwright_Chrome_Headless" time="0.0">
    <ignored/>
  </testcase> <!-- Playwright_Chrome_Headless -->
</testsuite> <!-- Default test -->
