<?xml version="1.0" encoding="UTF-8"?>
<testng-results ignored="1" total="2" passed="1" failed="0" skipped="0">
  <reporter-output>
  </reporter-output>
  <suite started-at="2025-04-21T21:52:10 IST" name="Surefire suite" finished-at="2025-04-21T21:52:32 IST" duration-ms="22008">
    <groups>
    </groups>
    <test started-at="2025-04-21T21:52:10 IST" name="Surefire test" finished-at="2025-04-21T21:52:32 IST" duration-ms="22008">
      <class name="com.qa.playwright.PlaywrightOnChromeTest">
        <test-method signature="Playwright_Chrome()[pri:0, instance:com.qa.playwright.PlaywrightOnChromeTest@78e94dcf]" started-at="2025-04-21T21:52:10 IST" name="Playwright_Chrome" finished-at="2025-04-21T21:52:32 IST" duration-ms="21945" status="PASS">
          <reporter-output>
          </reporter-output>
        </test-method> <!-- Playwright_Chrome -->
      </class> <!-- com.qa.playwright.PlaywrightOnChromeTest -->
    </test> <!-- Surefire test -->
  </suite> <!-- Surefire suite -->
</testng-results>
