<?xml version="1.0" encoding="UTF-8"?>
<testng-results ignored="1" total="2" passed="1" failed="0" skipped="0">
  <reporter-output>
  </reporter-output>
  <suite started-at="2025-07-17T21:49:28 IST" name="Default suite" finished-at="2025-07-17T21:49:42 IST" duration-ms="14214">
    <groups>
    </groups>
    <test started-at="2025-07-17T21:49:28 IST" name="Default test" finished-at="2025-07-17T21:49:42 IST" duration-ms="14214">
      <class name="com.qa.playwright.PlaywrightOnChromeTest">
        <test-method signature="Playwright_Chrome()[pri:0, instance:com.qa.playwright.PlaywrightOnChromeTest@59662a0b]" started-at="2025-07-17T21:49:28 IST" name="Playwright_Chrome" finished-at="2025-07-17T21:49:42 IST" duration-ms="14139" status="PASS">
          <reporter-output>
          </reporter-output>
        </test-method> <!-- Playwright_Chrome -->
      </class> <!-- com.qa.playwright.PlaywrightOnChromeTest -->
    </test> <!-- Default test -->
  </suite> <!-- Default suite -->
</testng-results>
