<?xml version="1.0" encoding="UTF-8"?>
<testng-results ignored="1" total="2" passed="1" failed="0" skipped="0">
  <reporter-output>
  </reporter-output>
  <suite started-at="2026-06-27T20:16:06 IST" name="Default suite" finished-at="2026-06-27T20:16:51 IST" duration-ms="44794">
    <groups>
    </groups>
    <test started-at="2026-06-27T20:16:06 IST" name="Default test" finished-at="2026-06-27T20:16:51 IST" duration-ms="44794">
      <class name="com.qa.playwright.PlaywrightOnChromeTest">
        <test-method signature="Playwright_Chrome()[pri:0, instance:com.qa.playwright.PlaywrightOnChromeTest@293a5bf6]" started-at="2026-06-27T20:16:06 IST" name="Playwright_Chrome" finished-at="2026-06-27T20:16:51 IST" duration-ms="44747" status="PASS">
          <reporter-output>
          </reporter-output>
        </test-method> <!-- Playwright_Chrome -->
      </class> <!-- com.qa.playwright.PlaywrightOnChromeTest -->
    </test> <!-- Default test -->
  </suite> <!-- Default suite -->
</testng-results>
